<?xml version="1.0" encoding="UTF-8"?>
<testsuite xmlns:xsi="http://www.w3.org/2001/XMLSchema-instance" xsi:noNamespaceSchemaLocation="https://maven.apache.org/surefire/maven-surefire-plugin/xsd/surefire-test-report-3.0.xsd" version="3.0" name="com.github.dorthava.telegrambot.TelegramBotApplicationTests" time="2.369" tests="1" errors="0" skipped="0" failures="0">
  <properties>
[...]
</properties>
  <testcase name="contextLoads" classname="com.github.dorthava.telegrambot.TelegramBotApplicationTests" time="0.363">
    <system-out><![CDATA[18:58:26.235 [main] INFO org.springframework.test.context.support.AnnotationConfigContextLoaderUtils -- Could not detect default configuration classes for test class [com.github.dorthava.telegrambot.TelegramBotApplicationTests]: TelegramBotApplicationTests does not declare any static, non-private, non-final, nested classes annotated with @Configuration.
18:58:26.297 [main] INFO org.springframework.boot.test.context.SpringBootTestContextBootstrapper -- Found @SpringBootConfiguration com.github.dorthava.telegrambot.TelegramBotApplication for test class com.github.dorthava.telegrambot.TelegramBotApplicationTests

  .   ____          _            __ _ _
 /\\ / ___'_ __ _ _(_)_ __  __ _ \ \ \ \
( ( )\___ | '_ | '_| | '_ \/ _` | \ \ \ \
 \\/  ___)| |_)| | | | | || (_| |  ) ) ) )
  '  |____| .__|_| |_|_| |_\__, | / / / /
 =========|_|==============|___/=/_/_/_/

 :: Spring Boot ::                (v3.3.2)

2024-08-02T18:58:26.521+03:00  INFO 65879 --- [telegrambot] [           main] c.g.d.t.TelegramBotApplicationTests      : Starting TelegramBotApplicationTests using Java 18.0.2-ea with PID 65879 (started by dorthava in /home/dorthava/telegrambot)
2024-08-02T18:58:26.522+03:00  INFO 65879 --- [telegrambot] [           main] c.g.d.t.TelegramBotApplicationTests      : No active profile set, falling back to 1 default profile: "default"
2024-08-02T18:58:26.743+03:00  INFO 65879 --- [telegrambot] [           main] .s.d.r.c.RepositoryConfigurationDelegate : Bootstrapping Spring Data JPA repositories in DEFAULT mode.
2024-08-02T18:58:26.755+03:00  INFO 65879 --- [telegrambot] [           main] .s.d.r.c.RepositoryConfigurationDelegate : Finished Spring Data repository scanning in 7 ms. Found 0 JPA repository interfaces.
2024-08-02T18:58:27.137+03:00  INFO 65879 --- [telegrambot] [           main] com.zaxxer.hikari.HikariDataSource       : HikariPool-1 - Starting...
2024-08-02T18:58:27.344+03:00  INFO 65879 --- [telegrambot] [           main] com.zaxxer.hikari.pool.HikariPool        : HikariPool-1 - Added connection org.postgresql.jdbc.PgConnection@4c731956
2024-08-02T18:58:27.345+03:00  INFO 65879 --- [telegrambot] [           main] com.zaxxer.hikari.HikariDataSource       : HikariPool-1 - Start completed.
2024-08-02T18:58:27.359+03:00  INFO 65879 --- [telegrambot] [           main] org.flywaydb.core.FlywayExecutor         : Database: jdbc:postgresql://localhost:5432/data (PostgreSQL 16.3)
2024-08-02T18:58:27.393+03:00  INFO 65879 --- [telegrambot] [           main] o.f.core.internal.command.DbValidate     : Successfully validated 0 migrations (execution time 00:00.022s)
2024-08-02T18:58:27.394+03:00  WARN 65879 --- [telegrambot] [           main] o.f.core.internal.command.DbValidate     : No migrations found. Are your locations set up correctly?
2024-08-02T18:58:27.431+03:00  INFO 65879 --- [telegrambot] [           main] o.f.core.internal.command.DbMigrate      : Current version of schema "public": << Empty Schema >>
2024-08-02T18:58:27.433+03:00  INFO 65879 --- [telegrambot] [           main] o.f.core.internal.command.DbMigrate      : Schema "public" is up to date. No migration necessary.
2024-08-02T18:58:27.492+03:00  INFO 65879 --- [telegrambot] [           main] o.hibernate.jpa.internal.util.LogHelper  : HHH000204: Processing PersistenceUnitInfo [name: default]
2024-08-02T18:58:27.522+03:00  INFO 65879 --- [telegrambot] [           main] org.hibernate.Version                    : HHH000412: Hibernate ORM core version 6.5.2.Final
2024-08-02T18:58:27.540+03:00  INFO 65879 --- [telegrambot] [           main] o.h.c.internal.RegionFactoryInitiator    : HHH000026: Second-level cache disabled
2024-08-02T18:58:27.706+03:00  INFO 65879 --- [telegrambot] [           main] o.s.o.j.p.SpringPersistenceUnitInfo      : No LoadTimeWeaver setup: ignoring JPA class transformer
2024-08-02T18:58:27.936+03:00  INFO 65879 --- [telegrambot] [           main] o.h.e.t.j.p.i.JtaPlatformInitiator       : HHH000489: No JTA platform available (set 'hibernate.transaction.jta.platform' to enable JTA platform integration)
2024-08-02T18:58:27.939+03:00  INFO 65879 --- [telegrambot] [           main] j.LocalContainerEntityManagerFactoryBean : Initialized JPA EntityManagerFactory for persistence unit 'default'
2024-08-02T18:58:28.135+03:00  INFO 65879 --- [telegrambot] [           main] c.g.d.t.TelegramBotApplicationTests      : Started TelegramBotApplicationTests in 1.765 seconds (process running for 2.344)
]]></system-out>
  </testcase>
</testsuite>